<?xml version="1.0" encoding="UTF-8"?>
<testsuite xmlns:xsi="http://www.w3.org/2001/XMLSchema-instance" xsi:noNamespaceSchemaLocation="https://maven.apache.org/surefire/maven-surefire-plugin/xsd/surefire-test-report.xsd" name="automationexercise.test.LoginTest" time="49.262" tests="4" errors="0" skipped="0" failures="0">
  <properties>
[...]
</properties>
  <testcase name="validarLoginDadosInvalidos" classname="automationexercise.test.LoginTest" time="19.125"/>
  <testcase name="validarLoginDadosInvalidosTest4" classname="automationexercise.test.LoginTest" time="9.626"/>
  <testcase name="validarLoginComDadosValidosTest3" classname="automationexercise.test.LoginTest" time="10.795"/>
  <testcase name="validarLoginDadosValidos" classname="automationexercise.test.LoginTest" time="9.29"/>
</testsuite>